<?xml version="1.0" encoding="UTF-8"?>
<testng-results ignored="0" total="2" passed="2" failed="0" skipped="0">
  <reporter-output>
  </reporter-output>
  <suite started-at="2023-03-07T09:11:58Z" name="Default suite" finished-at="2023-03-07T09:12:03Z" duration-ms="4715">
    <groups>
    </groups>
    <test started-at="2023-03-07T09:11:58Z" name="Default test" finished-at="2023-03-07T09:12:03Z" duration-ms="4715">
      <class name="test.sampleTest">
        <test-method signature="browserLaunch()[pri:0, instance:test.sampleTest@2a693f59]" started-at="2023-03-07T09:11:58Z" name="browserLaunch" finished-at="2023-03-07T09:12:03Z" duration-ms="4565" status="PASS">
          <reporter-output>
          </reporter-output>
        </test-method> <!-- browserLaunch -->
        <test-method signature="listAllLabels()[pri:0, instance:test.sampleTest@2a693f59]" started-at="2023-03-07T09:12:03Z" name="listAllLabels" finished-at="2023-03-07T09:12:03Z" depends-on-methods="test.sampleTest.browserLaunch" duration-ms="135" status="PASS">
          <reporter-output>
          </reporter-output>
        </test-method> <!-- listAllLabels -->
      </class> <!-- test.sampleTest -->
    </test> <!-- Default test -->
  </suite> <!-- Default suite -->
</testng-results>
